1790
1840
1175
1648
1803
3383
2124
3909
2343
1814
1748
1764
2581
1742
3218
3678
1764
2926
2839
2926
1072
2519
2106
1742
2811
2344
1748
3319
2225
1743
1615
3034
2890
1895
2045
2582
2690
3099
1209
1765
3678
2607
3678
2766
2157
2471
1924
2629
2848
3089
3403
3909
1950
2125
1715
3112
1628
3138
2851
3309
3678
1743
1439
1950
2125
1748
1895
2098
1617
69
2104
2329
926
3053
2201
2284
1446
2519
1696
3309
1382
2124
2851
2331
2519
1980
1764
1803
2124
2811
3383
2125
1072
1840
1932
2582
1835
2380
2380
2493
2534
2479
2141
1743
1803
3354
1764
1743
2968
2605
2519
2519
1029
2927
2125
3143
2125
2965
2810
3267
2098
2098
1876
2502
3678
2360
3244
1743
2723
2607
2125
1877
2926
1810
2115
3678
2062
2519
2926
3572
2624
3909
2515
1461
272
2071
2442
2519
2380
4261
3909
2529
2926
2104
2519
1748
1803
2903
1803
1885
2922
1147
2582
3403
3442
3156
2293
2519
2069
2434
2965
1803
2255
3218
2098
1560
1839
2966
2865
3904
1764
1803
2225
2281
3078
2298
3678
1628
1797
2960
3383
4261
1885
3309
1743
2488
2607
1478
2125
2926
1628
1497
2380
2201
1803
2125
1804
1748
2903
2816
2601
3678
3678
2125
1764
2922
3909
1809
1950
2103
2607
1803
1743
1587
1803
2519
1803
1716
2966
1764
3127
3891
1873
1814
3678
3383
1803
2607
3851
2903
2610
2201
2607
2563
2519
2582
3691
1748
2926
1628
3053
1672
3309
1072
2225
1628
3161
1950
2225
2225
2125
3608
3909
2125
3678
2811
2284
3909
1950
1857
3351
1803
1764
1072
2106
2582
3218
1861
3909
2380
2607
1641
1793
3909
2851
2170
2347
502
3124
2632
2926
2200
2926
216
2442
1996
2254
2922
2881
3909
2125
3799
2851
2046
2237
1976
2369
3885
2775
2582
1837
2293
1775
2716
1840
2519
2519
2442
1949
3127
2098
2515
3738
2500
2926
1715
3403
2903
3053
2768
2442
1232
2201
667
3678
2106
2256
2979
2502
1743
3678
1611
3909
2926
3678
870
3428
1748
2125
2256
1743
1617
2104
2811
2617
1194
1963
2003
837
2926
3678
1638
1857
1885
2455
1539
3908
53
2519
2824
1950
3299
1403
1885
2104
2201
1748
2966
877
2922
3143
1748
3309
1623
1991
648
2651
2582
3909
2563
1748
3127
2851
3738
3383
2302
1803
2811
2903
1255
3046
2607
2281
3099
457
2106
2125
2106
2519
2927
3678
1803
1814
913
2851
2818
2094
3053
2285
2607
2232
2125
1615
2225
2281
1251
2281
1645
3050
2163
3127
2886
3570
2950
2104
2201
1748
2811
3403
2582
2293
3234
2825
1943
2098
2033
3127
2812
3170
2225
2304
202
3234
2371
1756
2582
2015
1715
2367
2125
3678
3678
3383
1764
1685
2926
2281
1386
2799
3286
2882
2926
2386
2201
2309
2125
2125
2519
3155
2167
2607
2927
3738
1640
1449
3135
1581
2926
519
2472
1028
2104
3127
1950
2380
2607
2225
3909
1806
2582
1803
2482
1950
3383
1715
1838
2281
3678
3909
3630
2743
1563
2302
1722
3309
1840
2731
1743
3383
2153
2927
2927
1628
3309
2811
2201
1738
1984
2509
2563
1748
2926
1851
2125
2927
2892
1500
2922
4256
1950
286
3099
3218
1449
896
3383
2278
1474
2017
2922
3909
2380
1748
2607
4261
1738
3112
297
2993
2903
3738
1764
1950
2957
2281
1628
2009
2927
2331
3695
1947
3218
616
3562
2252
1241
3402
2667
2926
3383
1743
88
2563
3304
1943
2519
2595
3138
1764
2607
2013
1669
2869
2521
2651
3909
2201
1855
2605
1885
1764
3223
2370
2040
1705
2380
3099
1774
3909
2903
2578
1764
4261
2677
2836
3738
2851
2104
2026
2058
1672
2098
1283
1803
918
2651
1814
1748
2014
1337
2464
1764
4261
2926
2201
2607
1892
1743
2442
2442
1814
3678
3065
2124
2285
1632
1833
2735
1427
1222
2582
3507
3285
2166
2124
1814
2061
2564
3403
774
4261
3053
1595
1814
3383
2104
3170
2061
1147
2704
2293
1936
1803
3146
2877
2922
1764
2076
2380
1470
1950
3909
3309
3170
2390
783
3678
1993
2824
3403
1463
3909
1738
2519
2519
2927
2266
3309
3678
1101
3228
1764
2519
2190
1962
1748
2059
1867
3383
1795
2124
3099
1814
1488
1118
2206
2509
1507
2913
3383
2125
1950
1803
3246
1072
1628
3131
1748
1257
2694
2496
1814
2464
3678
2500
3309
2104
2515
2201
1764
3011
1774
2216
2954
3909
2061
2764
1840
1628
2281
2851
2519
3149
1743
1764
2651
2519
1764
1628
2519
2647
2104
2851
1578
1072
1885
2104
1588
3099
2926
1743
2926
1388
1914
2104
2830
3738
2694
2032
2519
2519
1283
1814
3090
1283
3096
2514
2891
2795
1918
2380
1136
2797
2142
135
3128
2380
4093
3909
2926
2926
2926
2816
7
1634
2281
3447
1803
2125
1941
999
2442
1950
2285
1803
2753
2124
872
2442
1820
2125
1706
1148
136
2175
2125
1628
2125
1072
1764
2201
2281
1715
2380
1628
2515
3678
3126
1814
2563
3865
2293
3127
3678
2930
2643
2104
2030
2281
3309
1885
2180
1743
2021
1764
1764
3309
2676
2582
1610
3678
3836
2281
2380
3678
2162
2631
2125
1764
1216
2922
990
2851
2548
1785
2851
1015
1072
2926
3383
3438
1743
3131
2582
3099
1576
1868
2927
2125
2500
2380
1548
2926
2607
2563
1764
2995
1950
3678
2926
1265
3099
1814
1785
3403
3099
2874
2125
2927
2104
3909
2926
1748
3678
3383
2281
3309
3581
2993
2582
1072
1085
3678
3678
2926
1628
2125
1163
3678
2293
2515
2563
2058
3053
2104
2106
2519
1588
2463
2330
1546
2582
837
2582
2603
2500
3435
3678
1633
2324
2825
2750
1840
3218
1072
1449
2098
1672
1628
2580
1628
2582
2519
1647
2213
2531
711
3678
3909
2104
2125
3678
3909
2442
1979
1738
871
3142
2293
2380
3383
1555
2464
1473
2851
1738
2379
2175
2582
3383
539
3383
2926
1814
1148
2582
2601
1425
2124
3004
2851
1950
3678
2442
3309
2380
2927
2519
2515
3909
2519
2225
1743
2106
2125
204
1160
2225
3678
1823
1803
2416
3435
2293
2903
4070
2969
1805
2851
2903
1885
3464
3403
2927
2851
3309
1748
3254
2825
1897
1147
2519
1840
3403
4261
2926
3909
2058
1743
3122
3383
1738
2104
1764
2298
2903
3909
1950
2150
1307
4119
1743
1764
1615
1681
2284
3068
2519
2281
3401
2201
2627
2922
1748
2582
3082
2380
2502
2293
2607
2065
2125
1748
2882
3678
2055
2225
2926
2160
2125
2331
1748
2851
1764
1692
2720
3309
2464
2811
2293
1808
2607
2470
2505
2104
2036
2278
1969
1663
2851
1635
3127
2689
2041
1328
2607
2014
1748
1956
1433
1715
1748
3099
1764
2521
4143
1764
2315
1591
2380
1628
1373
3383
2848
1743
2201
1457
3170
2942
2964
3170
1072
3097
2519
2519
2651
3430
2851
1764
2519
3430
487
1473
1384
1453
1743
1803
2519
2124
2167
3053
2927
2380
1697
966
1625
1803
1743
2926
2130
2638
2519
2601
2191
2172
2921
1072
1844
1715
2032
1072
2125
3678
3841
1546
1764
3909
3678
1814
2519
1692
3253
3164
1743
1950
1072
2926
2281
2015
1543
2305
1636
1014
2124
2851
3678
1830
2582
1738
1813
3053
1658
1715
2281
2124
3106
3909
2061
700
2731
2225
2601
1486
1837
2225
2281
2874
2607
1803
1596
2190
1993
2519
2903
2607
2446
18
2098
1551
1594
1532
59
1546
3678
1764
1715
1814
1727
1950
3215
2281
2442
2178
2327
2104
2125
4261
1099
1147
2430
2184
3067
2106
2281
3053
2147
2098
1539
2514
2519
1685
1581
2125
3383
1665
2125
3383
2563
1744
2442
3063
2104
2424
3265
1449
1764
2500
2651
1743
2945
2106
2281
3383
2333
1748
1748
2106
2444
2613
2305
2183
2380
2201
2000
2170
1072
2787
1406
2835
2551
3678
3678
4261
1285
3738
2922
1435
2319
3659
2435
3678
1738
3104
2442
3909
1764
2519
1688
1805
1
2676
2549
1738
2926
3053
2519
2962
1275
3053
2500
2380
3403
2098
1790
2851
3119
1743
1336
2707
2582
1748
3293
3127
2811
3383
2960
2582
2464
3023
3909
1449
2281
4261
2284
2054
3099
3099
2293
2189
2607
3309
2927
2626
2098
2556
1777
3383
2519
3586
2174
2281
3128
3909
2201
2061
1628
1814
2926
2519
2926
3058
2851
3678
2573
1580
2201
2536
2464
1414
1887
3218
2124
2066
2104
2607
1977
2519
3678
2607
1950
1814
2380
3170
1748
1508
3679
1748
1803
2649
2026
1738
1950
2072
2622
1814
1612
1464
1329
2100
706
3400
1874
2824
2125
2104
1764
2519
1764
2903
2563
3678
2575
2425
2787
1628
3909
2515
3264
3909
2851
3678
1671
2607
1950
3373
2160
3909
3280
773
2124
1986
2281
2693
2493
2281
3246
3246
2124
3383
2926
2582
3182
1730
1628
3309
1739
2918
2125
1418
1453
2098
1984
3678
1682
1840
2519
2926
309
3439
3762
2225
1500
3909
2556
2281
2154
2061
2293
2851
2950
2305
2370
706
1748
2926
2104
2519
3678
2098
3035
1628
1803
2992
3909
2098
1950
3678
2104
2044
2796
2607
2402
2281
2851
2098
1743
2708
3678
1921
2519
2563
2607
2519
1486
1886
2225
1824
3085
2125
2927
2808
1286
2644
1351
3738
2990
2519
3678
1764
2223
1628
3678
3309
3383
1814
2607
785
2169
1748
2104
2505
2104
3040
3909
1966
1925
2903
3218
1638
2582
1743
2709
2098
1486
1072
2068
3909
2567
1764
4261
1715
1764
1950
1147
2851
2824
1277
3053
2992
2293
2106
1762
1814
1327
1738
2246
2881
3678
2098
1814
2811
2144
2104
2124
2651
2851
2651
2066
716
3403
2589
3330
2851
1738
3309
2125
1950
1628
3106
1975
1072
2022
4261
2488
1923
1147
1398
1072
2106
1801
2851
2607
1814
1737
2007
1310
1743
3218
1814
2281
2501
1766
3070
2966
2281
2442
2903
1764
2124
1546
1748
2799
2212
3192
2654
2104
2125
3383
2104
2104
1418
2284
1551
1764
2824
2281
3535
2773
1570
1748
1836
3540
1976
3039
3383
1998
2243
2484
1814
3218
2927
2922
1168
2669
2553
2061
2738
2125
1738
2526
3678
2574
2927
2526
1806
3136
3678
1950
3244
1764
1953
3099
1764
2759
1072
2519
3099
3678
3218
2464
3678
2727
1840
1803
2281
3909
2841
2098
3309
2281
1361
2281
1992
2582
2293
3106
2851
2515
2926
2098
3106
1922
1676
2903
1639
2453
689
2811
2355
2464
1435
3738
2225
2519
2520
1814
2125
1814
2902
2927
1072
3403
2125
4261
2104
1843
2514
3309
3678
2104
2063
3678
1457
333
3608
3909
2519
2530
2926
2927
2106
2106
316
1743
2442
2851
2604
3909
1721
2098
1743
1186
1803
2796
2201
2380
2124
1072
2098
2851
1747
3466
1738
1803
2098
2067
3733
1106
2125
2201
2519
2184
1840
3678
4261
2851
2531
2442
2125
336
2927
1748
2098
2519
2125
2225
2314
3909
2020
1814
3218
2305
2312
1814
1768
2966
2879
2582
1628
3403
3909
2851
2519
1205
1743
3152
1809
3332
2104
2104
3678
1286
2598
1764
2182
1763
2607
1336
2239
1667
2507
2850
2926
2922
1950
2769
2317
3845
1868
2851
1771
2063
1715
2659
3094
3678
1814
2847
2926
2851
2519
2124
1732
2903
2927
1840
2182
1915
2820
2380
1764
2280
2201
1072
1540
2502
1380
1764
2124
2454
2098
2124
1601
3099
3383
2104
3678
3527
1583
2380
3682
2125
3686
2230
2851
100
1566
1814
2607
2098
1394
1840
1359
2391
3784
1803
3909
2825
2281
1353
2966
3909
3383
2125
2104
2582
2464
2849
4261
2515
2582
79
1713
2209
2281
1748
984
2028
2281
2282
3309
2442
2125
2442
1748
1546
2464
2519
1628
2852
1473
4261
3309
1616
1725
1625
2811
2519
1950
2281
2568
2519
1922
2698
1554
3132
3141
1764
2281
2630
1099
3403
3648
900
2851
1382
2922
3086
3678
2811
2851
1814
1692
2124
1738
2218
1628
3383
1628
1738
2927
3383
1690
2104
2497
2380
1270
2563
3403
1583
1743
1615
2281
1787
2500
2368
2281
2425
2125
2515
3309
1764
1628
3121
1628
3383
3441
2851
2442
2926
2924
1123
2500
3127
2582
1347
2292
2104
1172
2519
3403
4261
2563
1803
3403
1743
2098
1810
2822
2281
1790
1764
2584
1715
1806
3383
919
1328
2158
3678
1788
1738
3909
2201
1072
2201
2811
1518
3435
1570
2851
1628
2061
2851
2601
1881
2380
2104
629
2281
4261
3054
2927
2281
2903
1764
3909
1739
3119
2595
2209
1803
1640
1617
1072
1644
1692
4090
1486
2098
2104
2464
3309
3099
2651
1565
2811
2124
2966
1072
2736
2215
3309
1803
2926
2820
3909
2835
1748
2926
2124
3238
2201
1764
1950
1177
1764
3086
3435
3435
3606
2582
1963
3678
1628
3383
1971
2607
1748
1743
3655
2098
2489
1675
2926
2015
2661
2582
2851
2380
3011
3909
3309
3563
1743
3170
1803
1501
1078
3106
1449
1743
2607
1793
3383
1882
3198
2519
1804
2500
3308
2601
2380
2563
2829
3838
2607
2104
2519
2731
1764
1748
1617
2519
1347
1147
2283
3099
3678
3367
2125
3167
3678
2720
2281
2563
2665
2125
3403
2317
2380
3173
2201
3429
2515
2922
3159
4122
2702
3218
2607
1803
2549
3678
3190
1898
3678
2084
2466
3678
1764
2851
2461
2863
1748
1415
2922
1861
3383
3099
2070
1726
2281
2289
2582
2104
2125
2098
2225
2104
2582
4261
2281
1912
2500
3678
2025
2086
2520
2322
3166
3191
1592
3383
1950
1748
2903
3192
1715
3323
1743
3170
2786
2500
895
3300
2519
1880
2151
3218
3053
2866
3678
2926
3435
2442
1096
2926
3053
1743
1454
1873
2406
1935
3678
2098
1835
2636
2125
2124
2281
2924
1072
1715
2104
3264
1764
2922
3223
3383
1748
1059
2098
3309
1995
1783
2098
2168
3327
2380
2582
2380
3678
3524
1748
1814
3850
2903
3280
2521
3317
3678
2607
1628
2926
3738
3383
2927
2303
2851
2723
2124
3383
3678
2519
1764
2290
2582
3714
2111
1628
2178
2332
1982
2811
1247
3053
2607
2926
3678
1648
1246
784
1764
1628
3678
3738
2390
2281
3678
1615
2563
1743
2104
1628
2104
2607
1814
2566
3909
1601
3127
2098
1714
1715
2607
3309
2038
2519
2442
1072
2281
1715
1912
2293
3678
3218
3099
2957
3644
3383
2851
2607
3244
2225
2702
2281
1685
1685
2225
3383
2407
2290
2149
2213
3561
2607
2903
1741
2007
2442
1401
3678
1072
1803
2225
3198
2811
1764
1628
2922
3738
180
3909
3309
1418
2903
1764
1835
1950
2749
3218
3909
2098
1072
3006
1031
2098
2281
1748
3053
1789
1835
2824
1950
4261
4261
3383
2054
2919
3218
1743
1818
2198
2500
2643
1764
1072
1317
2645
2380
1811
665
2067
2201
2399
2124
1839
2464
3287
1814
2111
2891
1568
2098
2106
2125
3383
2466
2125
2098
1685
3678
694
2818
2293
2380
2563
1185
2539
1743
3403
1762
2903
4095
752
1449
2106
1814
2607
1803
2124
3198
3218
1469
3199
1133
2115
1748
3346
1748
1367
1477
3059
3030
2979
2519
2432
3053
1628
2528
2225
1787
1764
1950
1628
1950
3699
1072
3403
2104
2582
1738
2106
1188
2935
2104
3043
1379
3003
1279
1559
2926
1748
3383
2563
2007
2422
3909
1342
2926
2104
2293
2601
3403
2926
1969
2315
1979
2201
1738
3099
3309
3309
3403
2480
2881
1748
1486
1715
1604
3435
2666
1715
1803
3678
2703
2117
3678
2922
1072
3232
3309
2475
3523
2777
2128
3691
1628
3099
3570
770
1958
1609
2201
1840
3148
2098
1405
3312
2380
1743
1785
2380
3909
4261
2470
2281
1976
2140
2811
2500
2776
3909
2072
4261
2225
2190
1217
3909
2125
1937
720
3383
3678
3309
1927
2519
1910
3909
2927
2190
1801
2029
2926
2201
2125
3218
1803
2802
3309
2106
3403
2927
1628
1840
2125
1628
2530
2104
2926
1551
2500
1814
2582
2124
2926
2104
1921
3309
2524
1551
1764
2281
2519
2289
2125
2422
1914
2098
2124
2650
2074
1628
2464
2023
2927
1776
3678
1449
2811
1430
3909
1268
1664
1594
2519
3053
3738
3738
2380
1797
1950
2011
2125
1072
2607
3678
2301
2519
1442
3678
2106
1472
1716
2478
3383
2088
1692
3372
1628
2607
2225
1692
2927
3053
2380
2519
1615
1078
1764
1204
1950
2428
1764
3455
3383
3310
3132
3192
3309
2106
1283
2926
1577
2098
2515
2126
2926
2811
1474
2851
2125
3573
2225
1764
3309
2700
2098
2225
2582
1764
2881
1715
3099
3383
3862
3309
2124
2285
2281
3192
3678
2922
1700
2582
2851
2352
2648
44
1072
1840
1954
3909
1743
3180
1672
1275
1635
1361
1874
1072
3361
2851
1041
2104
2125
3793
2061
3143
1950
3110
2098
2281
2426
1685
1738
2843
2922
2281
1413
3678
1715
2471
1764
1091
2548
2500
2519
2125
1743
2811
3678
1577
1705
2927
2811
2476
2607
1817
2201
3383
1715
2520
2825
1738
2420
3383
3909
3890
2124
2500
1885
2058
2926
2927
2201
1766
2380
2927
1615
2949
4031
2979
1072
1764
3678
2222
1535
3218
1857
1773
2442
3909
2104
2098
1803
2531
1617
3517
1546
1748
2927
2903
2922
1419
2293
2442
1803
3309
1533
1764
3909
3678
3678
2926
3576
149
2125
1255
2607
1514
2442
2125
2225
1088
2139
4261
2903
2442
3883
3309
2706
2519
2502
1891
2922
1586
1738
2125
1803
1775
2104
3043
2314
2718
1764
2201
2851
3561
2497
1721
2349
1756
3162
2519
2442
2922
1681
2651
1738
3678
3218
2124
2572
4261
1072
1574
3186
2201
3678
1950
2903
2279
3127
2563
1081
2104
2122
2098
1803
2225
1304
2125
2281
1764
3678
1221
2582
2532
2107
2851
1971
2926
1748
2104
200
1814
1664
2464
2828
1814
2566
2170
3131
2293
1585
2293
3678
3881
1748
4261
460
3310
2926
4261
2772
4233
2926
2325
1748
3384
1950
3678
1913
3309
2104
2225
2317
3531
1764
2427
2287
1015
2106
2519
2225
1147
3053
3383
3390
1972
1748
3403
1347
2104
2080
2095
2148
1743
1615
2470
1764
2519
3064
1803
2018
3383
1743
2098
2519
1419
2843
3047
2922
2251
2607
1147
1743
926
2851
1768
3082
2519
2281
3522
1115
3384
1715
2788
2380
1655
2124
2075
1124
3909
2738
2124
298
332
545
3127
1675
3137
2104
1743
2201
2104
1761
3383
1950
1777
3099
2534
2903
1814
3678
1878
2519
2825
2201
3123
2743
2601
2159
2851
2810
2927
1715
3678
1803
1774
2281
2926
2258
2098
2125
2582
2519
3408
2464
2798
1715
1628
2281
1883
2187
3099
2124
2545
3455
1934
2104
1764
1039
3053
2926
1862
1748
4261
3991
1949
2125
2464
2519
2811
3909
2125
4031
2366
2927
3053
1743
2442
2903
1814
1045
2851
1715
2519
1800
2519
2032
2911
2060
2519
2926
3383
2545
3099
1885
2502
2572
2109
1636
1743
1546
2422
1814
3305
1329
2519
2104
3678
3053
2293
1764
3751
2125
2442
2519
3113
2926
2106
1628
1748
3383
1715
2519
1899
2903
1764
2851
1748
4261
1743
3257
3738
3678
2926
2022
3190
2922
1748
2490
2125
2926
2183
1814
1399
3127
2164
3053
2281
2104
2125
1757
1312
2293
1615
2281
3309
3084
1749
2500
1638
2044
3191
2146
2442
2582
3678
3678
1918
2519
2927
3403
2380
1655
2281
3678
1885
2848
577
2519
2162
3678
2927
2922
1324
2725
748
2104
2690
3909
3218
3559
2081
2811
2607
1715
2281
1072
1072
2281
3127
2569
2519
3127
2608
2651
3678
3132
2293
2519
2380
1764
1615
2196
2104
2450
2903
2104
2842
1652
3738
2927
2331
3224
2441
2851
2280
2380
3383
1413
2926
3678
2519
1147
3053
2539
1764
2057
2901
1814
1743
2885
2926
3794
3041
2104
2519
2582
2106
3678
2155
2330
3403
3678
2281
2927
2519
3383
4261
1628
2098
1803
3678
2999
3218
2811
2578
3053
2851
3678
2926
1072
2927
2495
3309
2035
1664
2651
1748
2588
1142
2416
1803
2922
1628
4261
1072
1839
2172
3678
2106
1764
2380
2201
1840
1743
2029
3099
1814
3383
3039
2582
1692
2366
3403
1738
427
1879
2150
2926
2515
1950
1628
2927
2181
2104
2519
2106
2167
2110
3909
1315
2519
785
1764
3678
1648
1719
3784
3678
1364
1339
3222
2717
1803
3383
2601
1764
1836
2723
2927
1814
2502
2172
2201
2607
3909
1764
2521
2061
2905
3206
1814
3303
3309
3678
1764
2500
37
2927
2582
2153
2519
1825
2104
1764
2281
2851
2869
3150
2903
1748
2556
2966
2728
1546
2124
2708
1814
1738
2926
2709
2104
2500
381
3738
2519
2061
2104
1950
2442
3251
3053
2225
2309
2125
1859
3678
2014
3127
1072
2124
2851
1748
2281
3678
2927
2442
2626
1628
3678
2062
1814
2490
3389
1546
2125
2689
1525
2500
1743
1803
104
2104
3678
1293
2228
2098
3678
2502
3321
2624
1803
291
1608
2125
1752
2240
3309
2285
2355
3738
1360
2293
2519
2117
2104
2284
1382
2607
2582
3309
2519
2927
1814
1575
2464
2106
1743
1988
2661
2777
2127
1533
1099
1090
1814
2016
1056
1743
2519
2208
2098
3585
2607
3218
1814
3003
1544
3678
1803
2125
2270
2825
3127
1919
2926
2515
2582
2851
2607
2582
2020
2653
3678
2926
2380
451
2426
3127
2754
2811
1147
2927
2851
2358
2104
2851
2608
1814
2428
3504
649
2182
1764
2869
1748
1921
2281
2098
2281
1334
2519
3678
2377
1271
2458
3225
2104
3909
2384
1730
1470
917
1950
2607
3053
2500
2876
2346
1950
2582
2076
3909
1803
2926
1764
2645
2461
3061
2607
1838
1396
3100
2293
2104
3383
2293
1967
3678
3406
2061
2927
2519
2927
1915
3678
3309
2330
1814
3909
1840
1743
2104
1628
1906
3000
1217
2380
2442
2607
2563
2683
1072
2515
1563
2927
2106
2377
3309
1715
3383
3170
1803
2926
1879
2851
3678
2124
3678
2209
1612
1924
2124
2061
2903
2124
1615
3265
3220
1758
1823
3383
1971
3383
3391
1883
3678
2104
2201
2607
2104
1211
1535
2637
3127
1454
2701
1072
2125
1950
1953
3909
3099
2061
1226
2422
1814
4261
3678
1748
1840
3218
2828
2851
2712
2926
3738
1743
2442
1950
2851
3545
2638
2941
1764
2018
2340
3678
2442
2774
1803
2903
1502
2124
2381
1814
2502
2824
2519
2303
3394
1606
2519
2125
3909
1628
1764
1968
1221
3678
1848
1685
2061
1950
2926
2125
1764
2380
2502
2281
1822
1122
1056
1628
2098
2484
2851
2104
1180
2519
1748
2275
2926
3909
2442
2519
2104
2582
1950
2495
2098
2903
1072
3383
1748
1171
1740
2032
1628
3127
2519
2627
1472
2527
1715
2607
2134
2380
1072
3909
2500
1191
1147
1628
2926
3383
3678
3053
1814
1692
203
3025
3175
3734
1632
1840
2201
2500
1072
1715
3435
3152
2630
2104
3909
1120
3558
2413
3091
1803
2903
1803
2607
1534
2218
3028
2519
1715
2824
1748
3393
1255
3124
2922
3909
2113
2519
1920
2937
2125
1419
2125
2124
2519
2464
3762
1147
2098
2281
2851
2887
2104
2845
2296
2519
2582
1764
2061
2104
2519
1418
2120
1848
2607
2519
1803
1827
2670
1476
2125
1072
644
1715
2225
2380
2104
2124
3383
2851
1715
3170
3383
1950
1643
1072
1241
2124
3218
2519
1885
2281
1415
2667
2373
1743
3099
2098
1942
4261
1743
2098
2023
2515
2582
3678
2106
3678
2563
2061
2005
2104
2607
2607
2824
2426
1738
2294
2618
2851
1628
3678
3909
3738
2125
2927
3678
3047
3355
2519
2932
2072
1692
1843
3678
1923
1004
1943
2425
2607
3696
1628
3309
3909
2996
4261
1692
2927
1633
3241
3678
1764
2825
1836
3053
2232
2372
2515
3309
3615
1645
1797
2500
3435
2453
692
3383
2125
3678
2221
1748
1764
1748
2106
1090
1715
1647
1500
1658
2519
2927
1072
2124
2535
3329
3469
3383
2544
3699
940
2257
2841
2011
3909
3233
1410
1743
2689
1940
2903
2519
3622
3099
2201
1866
1544
1628
1072
1950
3319
1433
2825
2923
2098
3218
2837
2401
2567
1743
2125
2051
2106
2944
2519
2393
2310
1715
3383
1766
1715
1790
1950
2380
2284
2519
2859
1743
3984
1748
2927
2453
1072
2831
2607
2713
2124
3713
2926
2293
2851
1661
1743
1072
1764
1814
2519
2090
1216
2281
1748
1803
640
2903
2500
3106
1834
1470
1449
2519
1023
1929
3652
3383
2515
3099
3678
1583
2296
3909
1668
1764
3909
2515
1452
2525
4261
1743
2716
1552
2926
2607
1449
3309
2582
1484
1743
2201
3678
1162
2225
3618
2281
2481
3738
3309
2582
2926
3403
3796
4261
3403
1950
2471
1803
2582
2521
1881
1628
1743
2922
2582
2582
4024
2926
2563
1286
3294
2515
3678
2922
1913
395
3824
1147
1427
2201
1764
1814
3639
2441
1950
2380
1840
1825
2811
3590
1743
1799
2270
1972
3099
2563
2201
2380
2302
2281
2106
3678
2293
2293
1950
1147
2954
1764
3295
2582
1748
230
1532
1571
2124
3383
2380
1764
3940
1190
3909
2825
1617
1915
3510
3383
2515
3383
2442
2601
2466
1803
2851
2719
3678
1743
3099
2968
1147
1272
2500
2190
1715
1492
2927
3403
3053
2635
2993
2104
2922
2851
1712
2922
1755
3488
3383
1486
2926
1580
2125
2811
1743
1628
2237
3678
3863
2301
2895
2125
2723
2851
2679
2368
1814
2112
1443
1881
2098
2284
2927
2124
1533
1294
2464
2012
3156
3170
1546
2125
2225
3628
3163
2926
2797
2623
3403
1670
3678
2922
1680
2851
892
871
2098
1430
2363
3909
3749
2125
1748
1814
1923
1645
2233
2500
2125
3383
3738
1722
2439
3099
3678
2098
2104
2098
2756
4261
2651
1748
2825
3678
3309
2201
2380
3309
3309
3127
2499
3543
1950
3678
1083
2613
1814
2380
2903
1692
2104
3096
2926
2287
2582
3383
1628
2104
1840
2125
2803
3383
3219
1081
1679
1184
1692
3127
3486
1840
1743
3309
2225
2851
1937
1816
2124
2959
2104
2225
3678
1692
3219
1885
2851
3909
3678
1486
1743
2653
2500
2519
1236
1838
1994
2110
2927
2494
2020
2453
1072
1950
2922
3909
3383
3895
3099
3151
2769
2500
3187
2273
2098
1061
2543
2494
2926
3140
2380
1257
3253
2098
2442
2533
3678
2607
527
1814
1623
1955
2927
1764
3187
2293
1973
2104
2380
2098
3057
2927
1840
2098
2851
1715
1449
2361
2926
1803
1743
1803
1764
2704
2442
1814
3738
1948
3678
3678
1950
1628
2066
1950
2789
794
2927
2519
4261
3678
3678
3678
1628
1606
3403
2456
3403
1546
2104
3909
2125
2787
2927
1998
1764
2582
1203
2137
4261
1209
3899
1072
2926
2225
3194
2380
2225
3403
2293
1243
3902
1885
2927
2922
282
3738
1913
2519
3099
1327
1814
3218
1718
3127
2903
2607
2750
3383
656
1814
2079
1628
2500
1618
2104
2709
2106
3383
3053
2413
1748
2906
2556
2125
2997
1448
1167
3383
1646
1764
2244
3121
3053
1703
2225
1748
3678
2104
2293
2281
3054
2293
2903
1147
1599
2380
1950
3383
2104
2903
1743
2825
2125
1933
2425
2124
3403
1617
3053
2098
2125
2125
2061
1375
2651
2124
3127
3678
1292
2607
2061
1819
2473
3644
2311
1803
1764
3242
1615
2903
2188
1743
1842
1534
3218
3099
2927
3115
2651
3492
3053
1446
3705
1748
3053
2500
2980
2926
2874
1333
1449
1809
1783
2630
2098
1575
1814
2104
1657
2636
2450
1715
3849
902
2442
2201
1469
2927
741
2836
1217
1474
2369
1147
3383
2390
2225
2708
2623
2380
3909
2926
2500
2840
2459
2048
2500
1716
2106
2442
2851
2182
1814
2961
3059
2819
2519
2106
2811
2926
1743
2426
2104
1953
3096
3383
2824
2406
2304
3403
1715
3309
3383
2278
1715
2209
1768
3170
1837
3678
2926
2582
1897
2098
2281
2958
2926
2519
1147
2519
3678
2485
3603
1950
3110
1819
3106
3678
2104
1793
1628
2515
2903
1748
1840
1743
1965
1814
1764
2098
2519
3678
2519
3240
1072
2237
710
2229
2519
1504
2156
2098
2851
3053
2462
2044
1814
2519
2998
2104
2651
2201
1814
2284
1934
2380
1950
2125
1743
2019
1546
2519
2531
1715
2490
1950
3678
1794
2845
2986
3241
1950
3044
2926
2926
3821
3821
2281
2507
2868
1885
2281
2380
1764
3218
3383
2380
989
2098
3909
3792
3248
1826
3383
1367
2789
2851
2805
1738
3674
2337
2896
2519
1738
4261
2169
2926
2519
3909
3189
3086
1950
2281
2152
2563
1615
2104
2881
1763
2258
1748
2098
2675
2281
3117
1573
1748
3099
2949
1748
2125
1682
3383
1814
1674
3909
1628
1803
1689
3669
3291
1733
2272
2380
3383
2162
2115
3118
2811
3678
3042
2927
3403
2403
1457
3403
3383
2219
2927
3170
2966
2281
3403
2926
1814
1950
1803
1868
2824
2106
1885
1764
2125
2926
788
2851
3170
3390
2543
2811
1764
1814
3678
2380
2104
1393
1559
2106
2851
3269
2124
1586
3174
3099
2544
2048
1567
3127
1277
2125
1885
1814
2281
2106
2927
3218
2120
3250
3909
3106
2411
2814
1815
2519
2519
1284
2281
2281
2778
3127
2879
1738
2922
2051
2563
3098
176
2831
3750
2607
2105
2104
1748
2519
1449
2903
1979
1718
1072
3337
1791
3909
2015
1979
1950
2824
1715
2851
1692
3678
2768
2508
1764
3218
1147
2500
2124
2966
1972
2811
1935
2851
1748
2825
2519
1715
1748
2104
2903
2519
3383
1156
1715
2098
1764
1748
2835
1620
1764
3097
562
2065
3113
2362
2201
2607
1929
1743
1602
3419
1764
3218
2582
1738
1147
2607
1346
2074
2281
2553
3435
2125
2270
3261
1118
1748
2585
2371
2927
3047
2442
2515
2124
2500
2831
2519
1892
3099
2851
1645
2106
1628
1692
2927
3053
2926
1764
2109
4054
2922
1748
3182
3678
2281
3909
2392
2651
3815
2380
3234
2347
2005
3218
1351
2851
2851
2118
1985
3909
1948
2779
1738
1628
3309
3099
1617
3344
1790
3435
2445
3383
2825
2104
3309
2098
2124
4114
3057
2350
1691
2382
3678
1748
1715
1852
2008
2380
1748
2624
2402
1168
2104
3383
2807
2651
158
1905
1840
2380
1072
3678
1385
2215
3108
2109
